# JRE version: OpenJDK Runtime Environment Corretto-17.0.9.8.1 (17.0.9+8) (build 17.0.9+8-LTS)
# Java VM: OpenJDK 64-Bit Server VM Corretto-17.0.9.8.1 (17.0.9+8-LTS, mixed mode, sharing, tiered, compressed oops, compressed class ptrs, g1 gc, windows-amd64)
GC Precious Log:
 CPUs: 16 total, 16 available
 Memory: 16264M
 Large Page Support: Disabled
 NUMA Support: Disabled
 Compressed Oops: Enabled (Zero based)
 Heap Region Size: 2M
 Heap Min Capacity: 8M
 Heap Initial Capacity: 256M
 Heap Max Capacity: 4068M
 Pre-touch: Disabled
 Parallel Workers: 13
 Concurrent Workers: 3
 Concurrent Refinement Workers: 13
 Periodic GC: Disabled
Heap:
 garbage-first heap   total 75776K, used 48023K [0x0000000701c00000, 0x0000000800000000)
  region size 2048K, 15 young (30720K), 1 survivors (2048K)
 Metaspace       used 58728K, committed 59200K, reserved 1114112K
  class space    used 7821K, committed 8064K, reserved 1048576K
GC Heap History (20 events):
Event: 0.366 GC heap before
{Heap before GC invocations=0 (full 0):
 garbage-first heap   total 262144K, used 20480K [0x0000000701c00000, 0x0000000800000000)
  region size 2048K, 11 young (22528K), 0 survivors (0K)
 Metaspace       used 5720K, committed 5888K, reserved 1114112K
  class space    used 675K, committed 768K, reserved 1048576K
}
Event: 0.368 GC heap after
{Heap after GC invocations=1 (full 0):
 garbage-first heap   total 262144K, used 6477K [0x0000000701c00000, 0x0000000800000000)
  region size 2048K, 2 young (4096K), 2 survivors (4096K)
 Metaspace       used 5720K, committed 5888K, reserved 1114112K
  class space    used 675K, committed 768K, reserved 1048576K
}
Event: 0.569 GC heap before
{Heap before GC invocations=1 (full 0):
 garbage-first heap   total 262144K, used 31053K [0x0000000701c00000, 0x0000000800000000)
  region size 2048K, 14 young (28672K), 2 survivors (4096K)
 Metaspace       used 11519K, committed 11776K, reserved 1114112K
  class space    used 1376K, committed 1472K, reserved 1048576K
}
Event: 0.571 GC heap after
{Heap after GC invocations=2 (full 0):
 garbage-first heap   total 262144K, used 8554K [0x0000000701c00000, 0x0000000800000000)
  region size 2048K, 2 young (4096K), 2 survivors (4096K)
 Metaspace       used 11519K, committed 11776K, reserved 1114112K
  class space    used 1376K, committed 1472K, reserved 1048576K
}
Event: 1.201 GC heap before
{Heap before GC invocations=2 (full 0):
 garbage-first heap   total 262144K, used 80234K [0x0000000701c00000, 0x0000000800000000)
  region size 2048K, 38 young (77824K), 2 survivors (4096K)
 Metaspace       used 21232K, committed 21504K, reserved 1114112K
  class space    used 2593K, committed 2752K, reserved 1048576K
}
Event: 1.205 GC heap after
{Heap after GC invocations=3 (full 0):
 garbage-first heap   total 262144K, used 13923K [0x0000000701c00000, 0x0000000800000000)
  region size 2048K, 4 young (8192K), 4 survivors (8192K)
 Metaspace       used 21232K, committed 21504K, reserved 1114112K
  class space    used 2593K, committed 2752K, reserved 1048576K
}
Event: 1.572 GC heap before
{Heap before GC invocations=4 (full 0):
 garbage-first heap   total 61440K, used 42595K [0x0000000701c00000, 0x0000000800000000)
  region size 2048K, 18 young (36864K), 4 survivors (8192K)
 Metaspace       used 24847K, committed 25152K, reserved 1114112K
  class space    used 3123K, committed 3264K, reserved 1048576K
}
Event: 1.577 GC heap after
{Heap after GC invocations=5 (full 0):
 garbage-first heap   total 61440K, used 16576K [0x0000000701c00000, 0x0000000800000000)
  region size 2048K, 2 young (4096K), 2 survivors (4096K)
 Metaspace       used 24847K, committed 25152K, reserved 1114112K
  class space    used 3123K, committed 3264K, reserved 1048576K
}
Event: 1.601 GC heap before
{Heap before GC invocations=5 (full 0):
 garbage-first heap   total 61440K, used 18624K [0x0000000701c00000, 0x0000000800000000)
  region size 2048K, 3 young (6144K), 2 survivors (4096K)
 Metaspace       used 25150K, committed 25536K, reserved 1114112K
  class space    used 3200K, committed 3392K, reserved 1048576K
}
Event: 1.604 GC heap after
{Heap after GC invocations=6 (full 0):
 garbage-first heap   total 61440K, used 17038K [0x0000000701c00000, 0x0000000800000000)
  region size 2048K, 1 young (2048K), 1 survivors (2048K)
 Metaspace       used 25150K, committed 25536K, reserved 1114112K
  class space    used 3200K, committed 3392K, reserved 1048576K
}
Event: 1.967 GC heap before
{Heap before GC invocations=6 (full 0):
 garbage-first heap   total 61440K, used 41614K [0x0000000701c00000, 0x0000000800000000)
  region size 2048K, 13 young (26624K), 1 survivors (2048K)
 Metaspace       used 29349K, committed 29760K, reserved 1114112K
  class space    used 3729K, committed 3904K, reserved 1048576K
}
Event: 1.969 GC heap after
{Heap after GC invocations=7 (full 0):
 garbage-first heap   total 161792K, used 18299K [0x0000000701c00000, 0x0000000800000000)
  region size 2048K, 1 young (2048K), 1 survivors (2048K)
 Metaspace       used 29349K, committed 29760K, reserved 1114112K
  class space    used 3729K, committed 3904K, reserved 1048576K
}
Event: 2.309 GC heap before
{Heap before GC invocations=7 (full 0):
 garbage-first heap   total 161792K, used 42875K [0x0000000701c00000, 0x0000000800000000)
  region size 2048K, 14 young (28672K), 1 survivors (2048K)
 Metaspace       used 35565K, committed 35968K, reserved 1114112K
  class space    used 4647K, committed 4864K, reserved 1048576K
}
Event: 2.312 GC heap after
{Heap after GC invocations=8 (full 0):
 garbage-first heap   total 161792K, used 19672K [0x0000000701c00000, 0x0000000800000000)
  region size 2048K, 2 young (4096K), 2 survivors (4096K)
 Metaspace       used 35565K, committed 35968K, reserved 1114112K
  class space    used 4647K, committed 4864K, reserved 1048576K
}
Event: 2.835 GC heap before
{Heap before GC invocations=9 (full 0):
 garbage-first heap   total 75776K, used 60632K [0x0000000701c00000, 0x0000000800000000)
  region size 2048K, 22 young (45056K), 2 survivors (4096K)
 Metaspace       used 47820K, committed 48192K, reserved 1114112K
  class space    used 6166K, committed 6336K, reserved 1048576K
}
Event: 2.837 GC heap after
{Heap after GC invocations=10 (full 0):
 garbage-first heap   total 75776K, used 22795K [0x0000000701c00000, 0x0000000800000000)
  region size 2048K, 3 young (6144K), 3 survivors (6144K)
 Metaspace       used 47820K, committed 48192K, reserved 1114112K
  class space    used 6166K, committed 6336K, reserved 1048576K
}
Event: 2.857 GC heap before
{Heap before GC invocations=10 (full 0):
 garbage-first heap   total 75776K, used 24843K [0x0000000701c00000, 0x0000000800000000)
  region size 2048K, 4 young (8192K), 3 survivors (6144K)
 Metaspace       used 48419K, committed 48832K, reserved 1114112K
  class space    used 6211K, committed 6400K, reserved 1048576K
}
Event: 2.859 GC heap after
{Heap after GC invocations=11 (full 0):
 garbage-first heap   total 75776K, used 23116K [0x0000000701c00000, 0x0000000800000000)
  region size 2048K, 1 young (2048K), 1 survivors (2048K)
 Metaspace       used 48419K, committed 48832K, reserved 1114112K
  class space    used 6211K, committed 6400K, reserved 1048576K
}
Event: 3.210 GC heap before
{Heap before GC invocations=11 (full 0):
 garbage-first heap   total 75776K, used 55884K [0x0000000701c00000, 0x0000000800000000)
  region size 2048K, 17 young (34816K), 1 survivors (2048K)
 Metaspace       used 55050K, committed 55488K, reserved 1114112K
  class space    used 7313K, committed 7488K, reserved 1048576K
}
Event: 3.211 GC heap after
{Heap after GC invocations=12 (full 0):
 garbage-first heap   total 75776K, used 23447K [0x0000000701c00000, 0x0000000800000000)
  region size 2048K, 1 young (2048K), 1 survivors (2048K)
 Metaspace       used 55050K, committed 55488K, reserved 1114112K
  class space    used 7313K, committed 7488K, reserved 1048576K
}

