# JRE version: OpenJDK Runtime Environment Corretto-17.0.9.8.1 (17.0.9+8) (build 17.0.9+8-LTS)
# Java VM: OpenJDK 64-Bit Server VM Corretto-17.0.9.8.1 (17.0.9+8-LTS, mixed mode, sharing, tiered, compressed oops, compressed class ptrs, g1 gc, windows-amd64)
GC Precious Log:
 CPUs: 16 total, 16 available
 Memory: 16264M
 Large Page Support: Disabled
 NUMA Support: Disabled
 Compressed Oops: Enabled (Zero based)
 Heap Region Size: 2M
 Heap Min Capacity: 8M
 Heap Initial Capacity: 256M
 Heap Max Capacity: 4068M
 Pre-touch: Disabled
 Parallel Workers: 13
 Concurrent Workers: 3
 Concurrent Refinement Workers: 13
 Periodic GC: Disabled
Heap:
 garbage-first heap   total 81920K, used 40288K [0x0000000701c00000, 0x0000000800000000)
  region size 2048K, 11 young (22528K), 1 survivors (2048K)
 Metaspace       used 59110K, committed 59648K, reserved 1114112K
  class space    used 7830K, committed 8128K, reserved 1048576K
GC Heap History (20 events):
Event: 0.353 GC heap before
{Heap before GC invocations=0 (full 0):
 garbage-first heap   total 262144K, used 22528K [0x0000000701c00000, 0x0000000800000000)
  region size 2048K, 11 young (22528K), 0 survivors (0K)
 Metaspace       used 5557K, committed 5760K, reserved 1114112K
  class space    used 647K, committed 704K, reserved 1048576K
}
Event: 0.355 GC heap after
{Heap after GC invocations=1 (full 0):
 garbage-first heap   total 262144K, used 6824K [0x0000000701c00000, 0x0000000800000000)
  region size 2048K, 2 young (4096K), 2 survivors (4096K)
 Metaspace       used 5557K, committed 5760K, reserved 1114112K
  class space    used 647K, committed 704K, reserved 1048576K
}
Event: 0.578 GC heap before
{Heap before GC invocations=1 (full 0):
 garbage-first heap   total 262144K, used 31400K [0x0000000701c00000, 0x0000000800000000)
  region size 2048K, 14 young (28672K), 2 survivors (4096K)
 Metaspace       used 11400K, committed 11648K, reserved 1114112K
  class space    used 1361K, committed 1472K, reserved 1048576K
}
Event: 0.580 GC heap after
{Heap after GC invocations=2 (full 0):
 garbage-first heap   total 262144K, used 8507K [0x0000000701c00000, 0x0000000800000000)
  region size 2048K, 2 young (4096K), 2 survivors (4096K)
 Metaspace       used 11400K, committed 11648K, reserved 1114112K
  class space    used 1361K, committed 1472K, reserved 1048576K
}
Event: 1.222 GC heap before
{Heap before GC invocations=2 (full 0):
 garbage-first heap   total 262144K, used 82235K [0x0000000701c00000, 0x0000000800000000)
  region size 2048K, 39 young (79872K), 2 survivors (4096K)
 Metaspace       used 21253K, committed 21504K, reserved 1114112K
  class space    used 2588K, committed 2752K, reserved 1048576K
}
Event: 1.226 GC heap after
{Heap after GC invocations=3 (full 0):
 garbage-first heap   total 262144K, used 13967K [0x0000000701c00000, 0x0000000800000000)
  region size 2048K, 4 young (8192K), 4 survivors (8192K)
 Metaspace       used 21253K, committed 21504K, reserved 1114112K
  class space    used 2588K, committed 2752K, reserved 1048576K
}
Event: 1.603 GC heap before
{Heap before GC invocations=4 (full 0):
 garbage-first heap   total 61440K, used 42639K [0x0000000701c00000, 0x0000000800000000)
  region size 2048K, 18 young (36864K), 4 survivors (8192K)
 Metaspace       used 25289K, committed 25664K, reserved 1114112K
  class space    used 3223K, committed 3392K, reserved 1048576K
}
Event: 1.608 GC heap after
{Heap after GC invocations=5 (full 0):
 garbage-first heap   total 61440K, used 16780K [0x0000000701c00000, 0x0000000800000000)
  region size 2048K, 2 young (4096K), 2 survivors (4096K)
 Metaspace       used 25289K, committed 25664K, reserved 1114112K
  class space    used 3223K, committed 3392K, reserved 1048576K
}
Event: 1.639 GC heap before
{Heap before GC invocations=5 (full 0):
 garbage-first heap   total 61440K, used 18828K [0x0000000701c00000, 0x0000000800000000)
  region size 2048K, 3 young (6144K), 2 survivors (4096K)
 Metaspace       used 25745K, committed 26112K, reserved 1114112K
  class space    used 3281K, committed 3456K, reserved 1048576K
}
Event: 1.642 GC heap after
{Heap after GC invocations=6 (full 0):
 garbage-first heap   total 61440K, used 17438K [0x0000000701c00000, 0x0000000800000000)
  region size 2048K, 1 young (2048K), 1 survivors (2048K)
 Metaspace       used 25745K, committed 26112K, reserved 1114112K
  class space    used 3281K, committed 3456K, reserved 1048576K
}
Event: 1.969 GC heap before
{Heap before GC invocations=6 (full 0):
 garbage-first heap   total 61440K, used 37918K [0x0000000701c00000, 0x0000000800000000)
  region size 2048K, 12 young (24576K), 1 survivors (2048K)
 Metaspace       used 29939K, committed 30336K, reserved 1114112K
  class space    used 3776K, committed 3968K, reserved 1048576K
}
Event: 1.971 GC heap after
{Heap after GC invocations=7 (full 0):
 garbage-first heap   total 161792K, used 18380K [0x0000000701c00000, 0x0000000800000000)
  region size 2048K, 1 young (2048K), 1 survivors (2048K)
 Metaspace       used 29939K, committed 30336K, reserved 1114112K
  class space    used 3776K, committed 3968K, reserved 1048576K
}
Event: 2.274 GC heap before
{Heap before GC invocations=7 (full 0):
 garbage-first heap   total 161792K, used 40908K [0x0000000701c00000, 0x0000000800000000)
  region size 2048K, 13 young (26624K), 1 survivors (2048K)
 Metaspace       used 35536K, committed 35968K, reserved 1114112K
  class space    used 4639K, committed 4864K, reserved 1048576K
}
Event: 2.276 GC heap after
{Heap after GC invocations=8 (full 0):
 garbage-first heap   total 161792K, used 19731K [0x0000000701c00000, 0x0000000800000000)
  region size 2048K, 2 young (4096K), 2 survivors (4096K)
 Metaspace       used 35536K, committed 35968K, reserved 1114112K
  class space    used 4639K, committed 4864K, reserved 1048576K
}
Event: 2.835 GC heap before
{Heap before GC invocations=9 (full 0):
 garbage-first heap   total 81920K, used 64787K [0x0000000701c00000, 0x0000000800000000)
  region size 2048K, 24 young (49152K), 2 survivors (4096K)
 Metaspace       used 48909K, committed 49344K, reserved 1114112K
  class space    used 6292K, committed 6464K, reserved 1048576K
}
Event: 2.838 GC heap after
{Heap after GC invocations=10 (full 0):
 garbage-first heap   total 81920K, used 23049K [0x0000000701c00000, 0x0000000800000000)
  region size 2048K, 3 young (6144K), 3 survivors (6144K)
 Metaspace       used 48909K, committed 49344K, reserved 1114112K
  class space    used 6292K, committed 6464K, reserved 1048576K
}
Event: 2.862 GC heap before
{Heap before GC invocations=10 (full 0):
 garbage-first heap   total 81920K, used 25097K [0x0000000701c00000, 0x0000000800000000)
  region size 2048K, 4 young (8192K), 3 survivors (6144K)
 Metaspace       used 49745K, committed 50240K, reserved 1114112K
  class space    used 6361K, committed 6592K, reserved 1048576K
}
Event: 2.866 GC heap after
{Heap after GC invocations=11 (full 0):
 garbage-first heap   total 81920K, used 23745K [0x0000000701c00000, 0x0000000800000000)
  region size 2048K, 1 young (2048K), 1 survivors (2048K)
 Metaspace       used 49745K, committed 50240K, reserved 1114112K
  class space    used 6361K, committed 6592K, reserved 1048576K
}
Event: 3.219 GC heap before
{Heap before GC invocations=11 (full 0):
 garbage-first heap   total 81920K, used 60609K [0x0000000701c00000, 0x0000000800000000)
  region size 2048K, 19 young (38912K), 1 survivors (2048K)
 Metaspace       used 55580K, committed 56000K, reserved 1114112K
  class space    used 7371K, committed 7552K, reserved 1048576K
}
Event: 3.220 GC heap after
{Heap after GC invocations=12 (full 0):
 garbage-first heap   total 81920K, used 23904K [0x0000000701c00000, 0x0000000800000000)
  region size 2048K, 1 young (2048K), 1 survivors (2048K)
 Metaspace       used 55580K, committed 56000K, reserved 1114112K
  class space    used 7371K, committed 7552K, reserved 1048576K
}

