# JRE version: OpenJDK Runtime Environment Corretto-17.0.9.8.1 (17.0.9+8) (build 17.0.9+8-LTS)
# Java VM: OpenJDK 64-Bit Server VM Corretto-17.0.9.8.1 (17.0.9+8-LTS, mixed mode, sharing, tiered, compressed oops, compressed class ptrs, g1 gc, windows-amd64)
GC Precious Log:
 CPUs: 16 total, 16 available
 Memory: 16264M
 Large Page Support: Disabled
 NUMA Support: Disabled
 Compressed Oops: Enabled (Zero based)
 Heap Region Size: 2M
 Heap Min Capacity: 8M
 Heap Initial Capacity: 256M
 Heap Max Capacity: 4068M
 Pre-touch: Disabled
 Parallel Workers: 13
 Concurrent Workers: 3
 Concurrent Refinement Workers: 13
 Periodic GC: Disabled
Heap:
 garbage-first heap   total 81920K, used 42225K [0x0000000701c00000, 0x0000000800000000)
  region size 2048K, 11 young (22528K), 1 survivors (2048K)
 Metaspace       used 58769K, committed 59328K, reserved 1114112K
  class space    used 7822K, committed 8128K, reserved 1048576K
GC Heap History (20 events):
Event: 0.342 GC heap before
{Heap before GC invocations=0 (full 0):
 garbage-first heap   total 262144K, used 22528K [0x0000000701c00000, 0x0000000800000000)
  region size 2048K, 11 young (22528K), 0 survivors (0K)
 Metaspace       used 5607K, committed 5824K, reserved 1114112K
  class space    used 654K, committed 768K, reserved 1048576K
}
Event: 0.344 GC heap after
{Heap after GC invocations=1 (full 0):
 garbage-first heap   total 262144K, used 6447K [0x0000000701c00000, 0x0000000800000000)
  region size 2048K, 2 young (4096K), 2 survivors (4096K)
 Metaspace       used 5607K, committed 5824K, reserved 1114112K
  class space    used 654K, committed 768K, reserved 1048576K
}
Event: 0.557 GC heap before
{Heap before GC invocations=1 (full 0):
 garbage-first heap   total 262144K, used 33071K [0x0000000701c00000, 0x0000000800000000)
  region size 2048K, 15 young (30720K), 2 survivors (4096K)
 Metaspace       used 11766K, committed 12032K, reserved 1114112K
  class space    used 1393K, committed 1536K, reserved 1048576K
}
Event: 0.559 GC heap after
{Heap after GC invocations=2 (full 0):
 garbage-first heap   total 262144K, used 8814K [0x0000000701c00000, 0x0000000800000000)
  region size 2048K, 2 young (4096K), 2 survivors (4096K)
 Metaspace       used 11766K, committed 12032K, reserved 1114112K
  class space    used 1393K, committed 1536K, reserved 1048576K
}
Event: 1.193 GC heap before
{Heap before GC invocations=2 (full 0):
 garbage-first heap   total 262144K, used 80494K [0x0000000701c00000, 0x0000000800000000)
  region size 2048K, 38 young (77824K), 2 survivors (4096K)
 Metaspace       used 21250K, committed 21504K, reserved 1114112K
  class space    used 2588K, committed 2752K, reserved 1048576K
}
Event: 1.197 GC heap after
{Heap after GC invocations=3 (full 0):
 garbage-first heap   total 262144K, used 14158K [0x0000000701c00000, 0x0000000800000000)
  region size 2048K, 4 young (8192K), 4 survivors (8192K)
 Metaspace       used 21250K, committed 21504K, reserved 1114112K
  class space    used 2588K, committed 2752K, reserved 1048576K
}
Event: 1.588 GC heap before
{Heap before GC invocations=4 (full 0):
 garbage-first heap   total 61440K, used 42830K [0x0000000701c00000, 0x0000000800000000)
  region size 2048K, 18 young (36864K), 4 survivors (8192K)
 Metaspace       used 25325K, committed 25664K, reserved 1114112K
  class space    used 3227K, committed 3392K, reserved 1048576K
}
Event: 1.593 GC heap after
{Heap after GC invocations=5 (full 0):
 garbage-first heap   total 61440K, used 17246K [0x0000000701c00000, 0x0000000800000000)
  region size 2048K, 2 young (4096K), 2 survivors (4096K)
 Metaspace       used 25325K, committed 25664K, reserved 1114112K
  class space    used 3227K, committed 3392K, reserved 1048576K
}
Event: 1.643 GC heap before
{Heap before GC invocations=5 (full 0):
 garbage-first heap   total 61440K, used 19294K [0x0000000701c00000, 0x0000000800000000)
  region size 2048K, 3 young (6144K), 2 survivors (4096K)
 Metaspace       used 25973K, committed 26304K, reserved 1114112K
  class space    used 3308K, committed 3456K, reserved 1048576K
}
Event: 1.646 GC heap after
{Heap after GC invocations=6 (full 0):
 garbage-first heap   total 61440K, used 17436K [0x0000000701c00000, 0x0000000800000000)
  region size 2048K, 1 young (2048K), 1 survivors (2048K)
 Metaspace       used 25973K, committed 26304K, reserved 1114112K
  class space    used 3308K, committed 3456K, reserved 1048576K
}
Event: 1.943 GC heap before
{Heap before GC invocations=6 (full 0):
 garbage-first heap   total 61440K, used 39964K [0x0000000701c00000, 0x0000000800000000)
  region size 2048K, 12 young (24576K), 1 survivors (2048K)
 Metaspace       used 30070K, committed 30464K, reserved 1114112K
  class space    used 3788K, committed 3968K, reserved 1048576K
}
Event: 1.945 GC heap after
{Heap after GC invocations=7 (full 0):
 garbage-first heap   total 161792K, used 18429K [0x0000000701c00000, 0x0000000800000000)
  region size 2048K, 1 young (2048K), 1 survivors (2048K)
 Metaspace       used 30070K, committed 30464K, reserved 1114112K
  class space    used 3788K, committed 3968K, reserved 1048576K
}
Event: 2.253 GC heap before
{Heap before GC invocations=7 (full 0):
 garbage-first heap   total 161792K, used 40957K [0x0000000701c00000, 0x0000000800000000)
  region size 2048K, 13 young (26624K), 1 survivors (2048K)
 Metaspace       used 35553K, committed 35968K, reserved 1114112K
  class space    used 4642K, committed 4864K, reserved 1048576K
}
Event: 2.255 GC heap after
{Heap after GC invocations=8 (full 0):
 garbage-first heap   total 161792K, used 19695K [0x0000000701c00000, 0x0000000800000000)
  region size 2048K, 2 young (4096K), 2 survivors (4096K)
 Metaspace       used 35553K, committed 35968K, reserved 1114112K
  class space    used 4642K, committed 4864K, reserved 1048576K
}
Event: 2.817 GC heap before
{Heap before GC invocations=9 (full 0):
 garbage-first heap   total 81920K, used 64751K [0x0000000701c00000, 0x0000000800000000)
  region size 2048K, 24 young (49152K), 2 survivors (4096K)
 Metaspace       used 48729K, committed 49216K, reserved 1114112K
  class space    used 6258K, committed 6464K, reserved 1048576K
}
Event: 2.820 GC heap after
{Heap after GC invocations=10 (full 0):
 garbage-first heap   total 81920K, used 22965K [0x0000000701c00000, 0x0000000800000000)
  region size 2048K, 3 young (6144K), 3 survivors (6144K)
 Metaspace       used 48729K, committed 49216K, reserved 1114112K
  class space    used 6258K, committed 6464K, reserved 1048576K
}
Event: 2.835 GC heap before
{Heap before GC invocations=10 (full 0):
 garbage-first heap   total 81920K, used 22965K [0x0000000701c00000, 0x0000000800000000)
  region size 2048K, 4 young (8192K), 3 survivors (6144K)
 Metaspace       used 49002K, committed 49472K, reserved 1114112K
  class space    used 6310K, committed 6528K, reserved 1048576K
}
Event: 2.838 GC heap after
{Heap after GC invocations=11 (full 0):
 garbage-first heap   total 81920K, used 23939K [0x0000000701c00000, 0x0000000800000000)
  region size 2048K, 1 young (2048K), 1 survivors (2048K)
 Metaspace       used 49002K, committed 49472K, reserved 1114112K
  class space    used 6310K, committed 6528K, reserved 1048576K
}
Event: 3.206 GC heap before
{Heap before GC invocations=11 (full 0):
 garbage-first heap   total 81920K, used 58755K [0x0000000701c00000, 0x0000000800000000)
  region size 2048K, 19 young (38912K), 1 survivors (2048K)
 Metaspace       used 55324K, committed 55808K, reserved 1114112K
  class space    used 7327K, committed 7552K, reserved 1048576K
}
Event: 3.207 GC heap after
{Heap after GC invocations=12 (full 0):
 garbage-first heap   total 81920K, used 23793K [0x0000000701c00000, 0x0000000800000000)
  region size 2048K, 1 young (2048K), 1 survivors (2048K)
 Metaspace       used 55324K, committed 55808K, reserved 1114112K
  class space    used 7327K, committed 7552K, reserved 1048576K
}

